--------------------------------- Version Log ----------------------------------
Version                                 Path
System Generator 2017.1                 C:/Xilinx/Vivado/2017.1
Matlab 9.2.0.556344 (R2017a)            C:\Program Files\MATLAB\R2017a
Vivado 2017.1                           C:/Xilinx/Vivado/2017.1
--------------------------------------------------------------------------------
Summary of Errors:
Error 0001: Error during synthesis of AXI4-Lite interface.

     Block: Unspecified
Error 0002: AXI4-Lite data widths in excess of 32 are not supported.

     Block: 'addb/Gateway Out'
--------------------------------------------------------------------------------

Error 0001:

Reported by:
  Unspecified

Details:
Error during synthesis of AXI4-Lite interface.

--------------------------------------------------------------------------------

Error 0001:

Reported by:
  'addb/Gateway Out'

Details:
AXI4-Lite data widths in excess of 32 are not supported.

--------------------------------------------------------------------------------
