#-----------------------------------------------------------
# Webtalk v2017.1 (64-bit)
# SW Build 1846317 on Fri Apr 14 18:55:03 MDT 2017
# 
# Start of session at: Wed Jun 26 18:42:00 2019
# Process ID: 10884
# Current directory: C:/Users/hls_proj_2/vivado/addb/addb.sdk/webtalk
# Command line: wbtcv.exe -mode batch -source sdk_webtalk.tcl
# Log file: C:/Users/hls_proj_2/vivado/addb/addb.sdk/webtalk/webtalk.log
# Journal file: C:/Users/hls_proj_2/vivado/addb/addb.sdk/webtalk\webtalk.jou
#-----------------------------------------------------------
source sdk_webtalk.tcl
# webtalk_init -webtalk_dir C:\\Users\\hls_proj_2\\vivado\\addb\\addb.sdk\\webtalk
# webtalk_register_client -client project
# webtalk_add_data -client project -key date_generated -value "2019-06-26 18:41:59" -context "software_version_and_target_device"
# webtalk_add_data -client project -key product_version -value "SDK v2017.1" -context "software_version_and_target_device"
# webtalk_add_data -client project -key build_version -value "2017.1" -context "software_version_and_target_device"
# webtalk_add_data -client project -key os_platform -value "amd64" -context "software_version_and_target_device"
# webtalk_add_data -client project -key registration_id -value "174205943_174166714_210646279_127" -context "software_version_and_target_device"
# webtalk_add_data -client project -key tool_flow -value "SDK" -context "software_version_and_target_device"
# webtalk_add_data -client project -key beta -value "false" -context "software_version_and_target_device"
# webtalk_add_data -client project -key route_design -value "NA" -context "software_version_and_target_device"
# webtalk_add_data -client project -key target_family -value "NA" -context "software_version_and_target_device"
# webtalk_add_data -client project -key target_device -value "NA" -context "software_version_and_target_device"
# webtalk_add_data -client project -key target_package -value "NA" -context "software_version_and_target_device"
# webtalk_add_data -client project -key target_speed -value "NA" -context "software_version_and_target_device"
# webtalk_add_data -client project -key random_id -value "b5gdj6q5nhm13gpvfc921i7sm7" -context "software_version_and_target_device"
# webtalk_add_data -client project -key project_id -value "2017.1_2" -context "software_version_and_target_device"
# webtalk_add_data -client project -key project_iteration -value "2" -context "software_version_and_target_device"
# webtalk_add_data -client project -key os_name -value "Microsoft Windows 8 or later , 64-bit" -context "user_environment"
# webtalk_add_data -client project -key os_release -value "major release  (build 9200)" -context "user_environment"
# webtalk_add_data -client project -key cpu_name -value "Intel(R) Core(TM) i7-6700 CPU @ 3.40GHz" -context "user_environment"
# webtalk_add_data -client project -key cpu_speed -value "3408 MHz" -context "user_environment"
# webtalk_add_data -client project -key total_processors -value "1" -context "user_environment"
# webtalk_add_data -client project -key system_ram -value "17.000 GB" -context "user_environment"
# webtalk_register_client -client sdk
# webtalk_add_data -client sdk -key uid -value "1561566843084" -context "sdk\\\\hardware/1561566843084"
# webtalk_add_data -client sdk -key isZynq -value "true" -context "sdk\\\\hardware/1561566843084"
# webtalk_add_data -client sdk -key isZynqMP -value "false" -context "sdk\\\\hardware/1561566843084"
# webtalk_add_data -client sdk -key Processors -value "2" -context "sdk\\\\hardware/1561566843084"
# webtalk_add_data -client sdk -key VivadoVersion -value "2017.1" -context "sdk\\\\hardware/1561566843084"
# webtalk_add_data -client sdk -key Arch -value "zynq" -context "sdk\\\\hardware/1561566843084"
# webtalk_add_data -client sdk -key Device -value "7z020" -context "sdk\\\\hardware/1561566843084"
# webtalk_add_data -client sdk -key IsHandoff -value "true" -context "sdk\\\\hardware/1561566843084"
# webtalk_add_data -client sdk -key os -value "NA" -context "sdk\\\\hardware/1561566843084"
# webtalk_add_data -client sdk -key apptemplate -value "NA" -context "sdk\\\\hardware/1561566843084"
# webtalk_add_data -client sdk -key RecordType -value "HWCreation" -context "sdk\\\\hardware/1561566843084"
# webtalk_add_data -client sdk -key uid -value "1561566876033" -context "sdk\\\\bsp/1561566876033"
# webtalk_add_data -client sdk -key hwid -value "1561566843084" -context "sdk\\\\bsp/1561566876033"
# webtalk_add_data -client sdk -key os -value "standalone" -context "sdk\\\\bsp/1561566876033"
# webtalk_add_data -client sdk -key apptemplate -value "peripheral_tests" -context "sdk\\\\bsp/1561566876033"
# webtalk_add_data -client sdk -key RecordType -value "BSPCreation" -context "sdk\\\\bsp/1561566876033"
# webtalk_add_data -client sdk -key uid -value "1561566885502" -context "sdk\\\\application/1561566885502"
# webtalk_add_data -client sdk -key hwid -value "1561566843084" -context "sdk\\\\application/1561566885502"
# webtalk_add_data -client sdk -key bspid -value "1561566876033" -context "sdk\\\\application/1561566885502"
# webtalk_add_data -client sdk -key newbsp -value "true" -context "sdk\\\\application/1561566885502"
# webtalk_add_data -client sdk -key os -value "standalone" -context "sdk\\\\application/1561566885502"
# webtalk_add_data -client sdk -key apptemplate -value "peripheral_tests" -context "sdk\\\\application/1561566885502"
# webtalk_add_data -client sdk -key RecordType -value "APPCreation" -context "sdk\\\\application/1561566885502"
# webtalk_add_data -client sdk -key LangUsed -value "C" -context "sdk\\\\application/1561566885502"
# webtalk_add_data -client sdk -key Procused -value "ps7_cortexa9" -context "sdk\\\\application/1561566885502"
# webtalk_add_data -client sdk -key projSize -value "416.18359375" -context "sdk\\\\application/1561566885502"
# webtalk_add_data -client sdk -key uid -value "1561567061128" -context "sdk\\\\bsp/1561567061128"
# webtalk_add_data -client sdk -key hwid -value "1561566843084" -context "sdk\\\\bsp/1561567061128"
# webtalk_add_data -client sdk -key os -value "standalone" -context "sdk\\\\bsp/1561567061128"
# webtalk_add_data -client sdk -key apptemplate -value "hello_world" -context "sdk\\\\bsp/1561567061128"
# webtalk_add_data -client sdk -key RecordType -value "BSPCreation" -context "sdk\\\\bsp/1561567061128"
# webtalk_add_data -client sdk -key uid -value "1561567063050" -context "sdk\\\\application/1561567063050"
# webtalk_add_data -client sdk -key hwid -value "1561566843084" -context "sdk\\\\application/1561567063050"
# webtalk_add_data -client sdk -key bspid -value "1561567061128" -context "sdk\\\\application/1561567063050"
# webtalk_add_data -client sdk -key newbsp -value "true" -context "sdk\\\\application/1561567063050"
# webtalk_add_data -client sdk -key os -value "standalone" -context "sdk\\\\application/1561567063050"
# webtalk_add_data -client sdk -key apptemplate -value "hello_world" -context "sdk\\\\application/1561567063050"
# webtalk_add_data -client sdk -key RecordType -value "APPCreation" -context "sdk\\\\application/1561567063050"
# webtalk_add_data -client sdk -key LangUsed -value "C" -context "sdk\\\\application/1561567063050"
# webtalk_add_data -client sdk -key Procused -value "ps7_cortexa9" -context "sdk\\\\application/1561567063050"
# webtalk_add_data -client sdk -key projSize -value "166.796875" -context "sdk\\\\application/1561567063050"
# webtalk_add_data -client sdk -key uid -value "NA" -context "sdk\\\\bsp/1561567319062"
# webtalk_add_data -client sdk -key RecordType -value "ToolUsage" -context "sdk\\\\bsp/1561567319062"
# webtalk_add_data -client sdk -key BootgenCount -value "0" -context "sdk\\\\bsp/1561567319062"
# webtalk_add_data -client sdk -key DebugCount -value "4" -context "sdk\\\\bsp/1561567319062"
# webtalk_add_data -client sdk -key PerfCount -value "0" -context "sdk\\\\bsp/1561567319062"
# webtalk_add_data -client sdk -key FlashCount -value "0" -context "sdk\\\\bsp/1561567319062"
# webtalk_add_data -client sdk -key CrossTriggCount -value "0" -context "sdk\\\\bsp/1561567319062"
# webtalk_add_data -client sdk -key QemuDebugCount -value "0" -context "sdk\\\\bsp/1561567319062"
# webtalk_transmit -clientid 1905167772 -regid "174205943_174166714_210646279_127" -xml C:\\Users\\hls_proj_2\\vivado\\addb\\addb.sdk\\webtalk\\usage_statistics_ext_sdk.xml -html C:\\Users\\hls_proj_2\\vivado\\addb\\addb.sdk\\webtalk\\usage_statistics_ext_sdk.html -wdm C:\\Users\\hls_proj_2\\vivado\\addb\\addb.sdk\\webtalk\\sdk_webtalk.wdm -intro "<H3>SDK Usage Report</H3><BR>"
INFO: [Common 17-186] 'C:\Users\hls_proj_2\vivado\addb\addb.sdk\webtalk\usage_statistics_ext_sdk.xml' has been successfully sent to Xilinx on Wed Jun 26 18:42:07 2019. For additional details about this file, please refer to the WebTalk help file at C:/Xilinx/SDK/2017.1/doc/webtalk_introduction.html.
# webtalk_terminate
INFO: [Common 17-206] Exiting Webtalk at Wed Jun 26 18:42:07 2019...
